<?xml version="1.0" encoding="UTF-8"?>
<testsuite name="config.yml" tests="2" skipped="0" failures="0" errors="0" timestamp="2026-09-05T13:26:29.931Z" hostname="SUPERDUPERPC" time="0.143">
  <properties/>
  <testcase name="parsesWithoutError()" classname="dev.shvquu.betternpcs.plugin.PackagedResourcesTest$Config" time="0.107"/>
  <testcase name="matchesTheDefaultsInCode()" classname="dev.shvquu.betternpcs.plugin.PackagedResourcesTest$Config" time="0.029"/>
  <system-out><![CDATA[]]></system-out>
  <system-err><![CDATA[]]></system-err>
</testsuite>
