<?xml version="1.0" encoding="UTF-8"?>
<testsuite name="distance" tests="3" skipped="0" failures="0" errors="0" timestamp="2026-09-05T12:32:29.549Z" hostname="SUPERDUPERPC" time="0.005">
  <properties/>
  <testcase name="reportsAnUnreachableDistanceAcrossWorlds()" classname="dev.shvquu.betternpcs.api.npc.property.NpcPositionTest$Distance" time="0.0"/>
  <testcase name="comparesWorldsByName()" classname="dev.shvquu.betternpcs.api.npc.property.NpcPositionTest$Distance" time="0.001"/>
  <testcase name="measuresWithinAWorld()" classname="dev.shvquu.betternpcs.api.npc.property.NpcPositionTest$Distance" time="0.0"/>
  <system-out><![CDATA[]]></system-out>
  <system-err><![CDATA[]]></system-err>
</testsuite>
