<?xml version="1.0" encoding="UTF-8"?>
<testsuite name="dev.shvquu.betternpcs.api.npc.NpcTypeTest" tests="20" skipped="0" failures="0" errors="0" timestamp="2026-09-05T12:32:29.434Z" hostname="SUPERDUPERPC" time="0.064">
  <properties/>
  <testcase name="rejectsAnUnknownId()" classname="dev.shvquu.betternpcs.api.npc.NpcTypeTest" time="0.01"/>
  <testcase name="roundTripsThroughItsId()" classname="dev.shvquu.betternpcs.api.npc.NpcTypeTest" time="0.001"/>
  <testcase name="returnsTheSharedConstantForPlayer()" classname="dev.shvquu.betternpcs.api.npc.NpcTypeTest" time="0.001"/>
  <testcase name="[1] name = &quot;ARROW&quot;" classname="dev.shvquu.betternpcs.api.npc.NpcTypeTest" time="0.005"/>
  <testcase name="[2] name = &quot;DROPPED_ITEM&quot;" classname="dev.shvquu.betternpcs.api.npc.NpcTypeTest" time="0.002"/>
  <testcase name="[3] name = &quot;ITEM&quot;" classname="dev.shvquu.betternpcs.api.npc.NpcTypeTest" time="0.001"/>
  <testcase name="[4] name = &quot;BOAT&quot;" classname="dev.shvquu.betternpcs.api.npc.NpcTypeTest" time="0.0"/>
  <testcase name="[5] name = &quot;PAINTING&quot;" classname="dev.shvquu.betternpcs.api.npc.NpcTypeTest" time="0.002"/>
  <testcase name="[6] name = &quot;EXPERIENCE_ORB&quot;" classname="dev.shvquu.betternpcs.api.npc.NpcTypeTest" time="0.001"/>
  <testcase name="parsesANamespacedKey()" classname="dev.shvquu.betternpcs.api.npc.NpcTypeTest" time="0.001"/>
  <testcase name="comparesByEntityType()" classname="dev.shvquu.betternpcs.api.npc.NpcTypeTest" time="0.001"/>
  <testcase name="recognisesThePlayerType()" classname="dev.shvquu.betternpcs.api.npc.NpcTypeTest" time="0.001"/>
  <testcase name="[1] name = &quot;ZOMBIE&quot;" classname="dev.shvquu.betternpcs.api.npc.NpcTypeTest" time="0.001"/>
  <testcase name="[2] name = &quot;SKELETON&quot;" classname="dev.shvquu.betternpcs.api.npc.NpcTypeTest" time="0.002"/>
  <testcase name="[3] name = &quot;CREEPER&quot;" classname="dev.shvquu.betternpcs.api.npc.NpcTypeTest" time="0.001"/>
  <testcase name="[4] name = &quot;VILLAGER&quot;" classname="dev.shvquu.betternpcs.api.npc.NpcTypeTest" time="0.001"/>
  <testcase name="[5] name = &quot;PIG&quot;" classname="dev.shvquu.betternpcs.api.npc.NpcTypeTest" time="0.001"/>
  <testcase name="[6] name = &quot;COW&quot;" classname="dev.shvquu.betternpcs.api.npc.NpcTypeTest" time="0.0"/>
  <testcase name="[7] name = &quot;IRON_GOLEM&quot;" classname="dev.shvquu.betternpcs.api.npc.NpcTypeTest" time="0.001"/>
  <testcase name="parsesAnIdCaseInsensitively()" classname="dev.shvquu.betternpcs.api.npc.NpcTypeTest" time="0.002"/>
  <system-out><![CDATA[]]></system-out>
  <system-err><![CDATA[]]></system-err>
</testsuite>
