<?xml version="1.0" encoding="UTF-8"?>
<testsuite name="dev.shvquu.betternpcs.api.ApiVersionTest" tests="13" skipped="0" failures="0" errors="0" timestamp="2026-09-05T12:32:28.272Z" hostname="SUPERDUPERPC" time="0.385">
  <properties/>
  <testcase name="refusesADifferentMajorInEitherDirection()" classname="dev.shvquu.betternpcs.api.ApiVersionTest" time="0.144"/>
  <testcase name="rejectsNegativeComponents()" classname="dev.shvquu.betternpcs.api.ApiVersionTest" time="0.028"/>
  <testcase name="roundTripsThroughItsStringForm()" classname="dev.shvquu.betternpcs.api.ApiVersionTest" time="0.011"/>
  <testcase name="[1] input = &quot;1.0&quot;" classname="dev.shvquu.betternpcs.api.ApiVersionTest" time="0.038"/>
  <testcase name="[2] input = &quot;1.0.0.0&quot;" classname="dev.shvquu.betternpcs.api.ApiVersionTest" time="0.004"/>
  <testcase name="[3] input = &quot;&quot;" classname="dev.shvquu.betternpcs.api.ApiVersionTest" time="0.002"/>
  <testcase name="[4] input = &quot;1.x.0&quot;" classname="dev.shvquu.betternpcs.api.ApiVersionTest" time="0.002"/>
  <testcase name="[5] input = &quot;abc&quot;" classname="dev.shvquu.betternpcs.api.ApiVersionTest" time="0.001"/>
  <testcase name="refusesAnOlderMinor()" classname="dev.shvquu.betternpcs.api.ApiVersionTest" time="0.001"/>
  <testcase name="ordersNumericallyNotLexically()" classname="dev.shvquu.betternpcs.api.ApiVersionTest" time="0.005"/>
  <testcase name="parsesADottedVersion()" classname="dev.shvquu.betternpcs.api.ApiVersionTest" time="0.001"/>
  <testcase name="acceptsTheSameMajorAndANewerMinor()" classname="dev.shvquu.betternpcs.api.ApiVersionTest" time="0.001"/>
  <testcase name="declaresTheVersionThisArtifactImplements()" classname="dev.shvquu.betternpcs.api.ApiVersionTest" time="0.003"/>
  <system-out><![CDATA[]]></system-out>
  <system-err><![CDATA[]]></system-err>
</testsuite>
