<?xml version="1.0" encoding="UTF-8"?>
<testsuite name="validation" tests="6" skipped="0" failures="0" errors="0" timestamp="2026-09-05T12:32:29.516Z" hostname="SUPERDUPERPC" time="0.032">
  <properties/>
  <testcase name="rejectsANullWorld()" classname="dev.shvquu.betternpcs.api.npc.property.NpcPositionTest$Validation" time="0.001"/>
  <testcase name="[1] coordinate = NaN" classname="dev.shvquu.betternpcs.api.npc.property.NpcPositionTest$Validation" time="0.007"/>
  <testcase name="[2] coordinate = Infinity" classname="dev.shvquu.betternpcs.api.npc.property.NpcPositionTest$Validation" time="0.0"/>
  <testcase name="[3] coordinate = -Infinity" classname="dev.shvquu.betternpcs.api.npc.property.NpcPositionTest$Validation" time="0.002"/>
  <testcase name="rejectsABlankWorld()" classname="dev.shvquu.betternpcs.api.npc.property.NpcPositionTest$Validation" time="0.002"/>
  <testcase name="rejectsNonFiniteRotation()" classname="dev.shvquu.betternpcs.api.npc.property.NpcPositionTest$Validation" time="0.003"/>
  <system-out><![CDATA[]]></system-out>
  <system-err><![CDATA[]]></system-err>
</testsuite>
