<?xml version="1.0" encoding="UTF-8"?>
<testsuite name="spawning" tests="5" skipped="0" failures="0" errors="0" timestamp="2026-09-05T13:26:33.751Z" hostname="SUPERDUPERPC" time="0.013">
  <properties/>
  <testcase name="releasesEverythingOnDespawn()" classname="dev.shvquu.betternpcs.core.npc.NpcEngineTest$Spawning" time="0.003"/>
  <testcase name="allocatesEntityIdsAndIndexesTheNpc()" classname="dev.shvquu.betternpcs.core.npc.NpcEngineTest$Spawning" time="0.002"/>
  <testcase name="reportsDespawningAnAlreadyDespawnedNpcAsNoChange()" classname="dev.shvquu.betternpcs.core.npc.NpcEngineTest$Spawning" time="0.003"/>
  <testcase name="doesNotSendAnythingUntilTheTrackerRuns()" classname="dev.shvquu.betternpcs.core.npc.NpcEngineTest$Spawning" time="0.002"/>
  <testcase name="refusesToSpawnWhenAListenerCancels()" classname="dev.shvquu.betternpcs.core.npc.NpcEngineTest$Spawning" time="0.003"/>
  <system-out><![CDATA[]]></system-out>
  <system-err><![CDATA[]]></system-err>
</testsuite>
