<?xml version="1.0" encoding="UTF-8"?>
<testsuite name="persistence" tests="6" skipped="0" failures="0" errors="0" timestamp="2026-09-05T13:26:34.050Z" hostname="SUPERDUPERPC" time="0.016">
  <properties/>
  <testcase name="writesOnlyTheNpcsThatChanged()" classname="dev.shvquu.betternpcs.core.npc.NpcEngineTest$Persistence" time="0.003"/>
  <testcase name="roundTripsAnNpcThroughStorage()" classname="dev.shvquu.betternpcs.core.npc.NpcEngineTest$Persistence" time="0.002"/>
  <testcase name="skipsAnUnloadableNpcWithoutLosingTheRest()" classname="dev.shvquu.betternpcs.core.npc.NpcEngineTest$Persistence" time="0.003"/>
  <testcase name="invalidatesEveryHandleOnReload()" classname="dev.shvquu.betternpcs.core.npc.NpcEngineTest$Persistence" time="0.003"/>
  <testcase name="leavesTheNpcDirtyWhenASaveIsCancelled()" classname="dev.shvquu.betternpcs.core.npc.NpcEngineTest$Persistence" time="0.002"/>
  <testcase name="writesNothingWhenNothingChanged()" classname="dev.shvquu.betternpcs.core.npc.NpcEngineTest$Persistence" time="0.002"/>
  <system-out><![CDATA[]]></system-out>
  <system-err><![CDATA[]]></system-err>
</testsuite>
