<?xml version="1.0" encoding="UTF-8"?>
<testsuite name="missing values" tests="3" skipped="0" failures="0" errors="0" timestamp="2026-09-05T13:26:32.558Z" hostname="SUPERDUPERPC" time="0.01">
  <properties/>
  <testcase name="produceAnEmptySectionRatherThanFailing()" classname="dev.shvquu.betternpcs.core.config.ConfigReaderTest$MissingValues" time="0.004"/>
  <testcase name="fallBackToTheDefault()" classname="dev.shvquu.betternpcs.core.config.ConfigReaderTest$MissingValues" time="0.004"/>
  <testcase name="doNotAddThemselvesToTheConfiguration()" classname="dev.shvquu.betternpcs.core.config.ConfigReaderTest$MissingValues" time="0.001"/>
  <system-out><![CDATA[]]></system-out>
  <system-err><![CDATA[]]></system-err>
</testsuite>
