<?xml version="1.0" encoding="UTF-8"?>
<testsuite name="look tracking" tests="7" skipped="0" failures="0" errors="0" timestamp="2026-09-05T13:26:33.610Z" hostname="SUPERDUPERPC" time="0.141">
  <properties/>
  <testcase name="sendsAFreshRotationWhenThePlayerMoves()" classname="dev.shvquu.betternpcs.core.npc.NpcEngineTest$LookTracking" time="0.118"/>
  <testcase name="facesAPlayerDueEast()" classname="dev.shvquu.betternpcs.core.npc.NpcEngineTest$LookTracking" time="0.003"/>
  <testcase name="doesNotResendARotationThatHasNotChanged()" classname="dev.shvquu.betternpcs.core.npc.NpcEngineTest$LookTracking" time="0.004"/>
  <testcase name="looksDownAtAPlayerBelowIt()" classname="dev.shvquu.betternpcs.core.npc.NpcEngineTest$LookTracking" time="0.003"/>
  <testcase name="ignoresAPlayerBeyondTheLookRange()" classname="dev.shvquu.betternpcs.core.npc.NpcEngineTest$LookTracking" time="0.004"/>
  <testcase name="turnsTheNpcTowardsItsViewer()" classname="dev.shvquu.betternpcs.core.npc.NpcEngineTest$LookTracking" time="0.004"/>
  <testcase name="doesNothingForAnNpcThatDoesNotLookAround()" classname="dev.shvquu.betternpcs.core.npc.NpcEngineTest$LookTracking" time="0.004"/>
  <system-out><![CDATA[]]></system-out>
  <system-err><![CDATA[]]></system-err>
</testsuite>
