<?xml version="1.0" encoding="UTF-8"?>
<testsuite name="present but wrong values" tests="6" skipped="0" failures="0" errors="0" timestamp="2026-09-05T13:26:32.538Z" hostname="SUPERDUPERPC" time="0.019">
  <properties/>
  <testcase name="rejectAListWhereASingleValueIsRequired()" classname="dev.shvquu.betternpcs.core.config.ConfigReaderTest$WrongValues" time="0.004"/>
  <testcase name="rejectADecimalWhereAWholeNumberIsRequired()" classname="dev.shvquu.betternpcs.core.config.ConfigReaderTest$WrongValues" time="0.002"/>
  <testcase name="rejectANonBooleanForABooleanSetting()" classname="dev.shvquu.betternpcs.core.config.ConfigReaderTest$WrongValues" time="0.001"/>
  <testcase name="areRefusedWhenOutOfRange()" classname="dev.shvquu.betternpcs.core.config.ConfigReaderTest$WrongValues" time="0.006"/>
  <testcase name="areRefusedRatherThanSilentlyReplaced()" classname="dev.shvquu.betternpcs.core.config.ConfigReaderTest$WrongValues" time="0.001"/>
  <testcase name="rejectAValueWhereASectionIsRequired()" classname="dev.shvquu.betternpcs.core.config.ConfigReaderTest$WrongValues" time="0.001"/>
  <system-out><![CDATA[]]></system-out>
  <system-err><![CDATA[]]></system-err>
</testsuite>
