<?xml version="1.0" encoding="UTF-8"?>
<testsuite name="actions" tests="7" skipped="0" failures="0" errors="0" timestamp="2026-09-05T13:26:33.764Z" hostname="SUPERDUPERPC" time="0.027">
  <properties/>
  <testcase name="refusesAnArgumentTheHandlerRejects()" classname="dev.shvquu.betternpcs.core.npc.NpcEngineTest$Actions" time="0.003"/>
  <testcase name="keepsActionsInTheOrderTheyWereAdded()" classname="dev.shvquu.betternpcs.core.npc.NpcEngineTest$Actions" time="0.004"/>
  <testcase name="removesAnActionByIndex()" classname="dev.shvquu.betternpcs.core.npc.NpcEngineTest$Actions" time="0.003"/>
  <testcase name="runsAChainForAPlayer()" classname="dev.shvquu.betternpcs.core.npc.NpcEngineTest$Actions" time="0.004"/>
  <testcase name="stopsTheChainWhenAPermissionIsMissing()" classname="dev.shvquu.betternpcs.core.npc.NpcEngineTest$Actions" time="0.005"/>
  <testcase name="reportsAnIndexThatDoesNotExist()" classname="dev.shvquu.betternpcs.core.npc.NpcEngineTest$Actions" time="0.005"/>
  <testcase name="refusesAnActionNoHandlerServes()" classname="dev.shvquu.betternpcs.core.npc.NpcEngineTest$Actions" time="0.003"/>
  <system-out><![CDATA[]]></system-out>
  <system-err><![CDATA[]]></system-err>
</testsuite>
