<?xml version="1.0" encoding="UTF-8"?>
<testsuite name="active backend" tests="3" skipped="0" failures="0" errors="0" timestamp="2026-09-05T13:26:32.647Z" hostname="SUPERDUPERPC" time="0.007">
  <properties/>
  <testcase name="refusesToProduceJdbcSettingsForANonJdbcBackend()" classname="dev.shvquu.betternpcs.core.config.StorageSettingsTest$ActiveBackend" time="0.001"/>
  <testcase name="postgresUsesItsOwnBlock()" classname="dev.shvquu.betternpcs.core.config.StorageSettingsTest$ActiveBackend" time="0.0"/>
  <testcase name="mariaDbSharesTheMysqlBlock()" classname="dev.shvquu.betternpcs.core.config.StorageSettingsTest$ActiveBackend" time="0.004"/>
  <system-out><![CDATA[]]></system-out>
  <system-err><![CDATA[]]></system-err>
</testsuite>
