<?xml version="1.0" encoding="UTF-8"?>
<testsuite name="language selection" tests="6" skipped="0" failures="0" errors="0" timestamp="2026-09-05T13:26:32.785Z" hostname="SUPERDUPERPC" time="0.04">
  <properties/>
  <testcase name="ignoresAMalformedFileWithoutLosingTheOthers()" classname="dev.shvquu.betternpcs.core.i18n.MiniMessageServiceTest$LanguageSelection" time="0.013"/>
  <testcase name="fallsBackFromACountryToItsLanguage()" classname="dev.shvquu.betternpcs.core.i18n.MiniMessageServiceTest$LanguageSelection" time="0.005"/>
  <testcase name="ignoresTheClientLocaleWhenTheSettingIsOff()" classname="dev.shvquu.betternpcs.core.i18n.MiniMessageServiceTest$LanguageSelection" time="0.006"/>
  <testcase name="usesAFileFromTheLanguagesFolder()" classname="dev.shvquu.betternpcs.core.i18n.MiniMessageServiceTest$LanguageSelection" time="0.005"/>
  <testcase name="matchesALocaleCaseInsensitively()" classname="dev.shvquu.betternpcs.core.i18n.MiniMessageServiceTest$LanguageSelection" time="0.005"/>
  <testcase name="fallsBackToBuiltInEnglishWhenTheConfiguredFileIsMissing()" classname="dev.shvquu.betternpcs.core.i18n.MiniMessageServiceTest$LanguageSelection" time="0.004"/>
  <system-out><![CDATA[]]></system-out>
  <system-err><![CDATA[Sept. 05, 2026 3:26:32 PM dev.shvquu.betternpcs.core.i18n.LanguageManager writeMissingBundledFiles
WARNUNG: The plugin jar has no packaged language file languages/en_US.yml.
Sept. 05, 2026 3:26:32 PM dev.shvquu.betternpcs.core.i18n.LanguageManager writeMissingBundledFiles
WARNUNG: The plugin jar has no packaged language file languages/de_DE.yml.
Sept. 05, 2026 3:26:32 PM dev.shvquu.betternpcs.core.i18n.LanguageManager writeMissingBundledFiles
WARNUNG: The plugin jar has no packaged language file languages/es_ES.yml.
Sept. 05, 2026 3:26:32 PM dev.shvquu.betternpcs.core.i18n.LanguageManager writeMissingBundledFiles
WARNUNG: The plugin jar has no packaged language file languages/fr_FR.yml.
Sept. 05, 2026 3:26:32 PM dev.shvquu.betternpcs.core.i18n.LanguageManager load
WARNUNG: No language file 'en_US.yml' was found in C:\Users\kilia\AppData\Local\Temp\junit-17124530390740820274; using the built-in English texts.
Sept. 05, 2026 3:26:32 PM dev.shvquu.betternpcs.core.i18n.LanguageManager writeMissingBundledFiles
WARNUNG: The plugin jar has no packaged language file languages/en_US.yml.
Sept. 05, 2026 3:26:32 PM dev.shvquu.betternpcs.core.i18n.LanguageManager writeMissingBundledFiles
WARNUNG: The plugin jar has no packaged language file languages/es_ES.yml.
Sept. 05, 2026 3:26:32 PM dev.shvquu.betternpcs.core.i18n.LanguageManager writeMissingBundledFiles
WARNUNG: The plugin jar has no packaged language file languages/fr_FR.yml.
Sept. 05, 2026 3:26:32 PM dev.shvquu.betternpcs.core.i18n.LanguageManager readFile
WARNUNG: Skipping language file broken.yml: it could not be read.
org.bukkit.configuration.InvalidConfigurationException: while scanning for the next token
found character '\t(TAB)' that cannot start any token. (Do not use \t(TAB) for indentation)
 in 'reader', line 1, column 1:
    	this: is not: yaml
    ^

	at org.bukkit.configuration.file.YamlConfiguration.loadFromString(YamlConfiguration.java:112)
	at org.bukkit.configuration.file.FileConfiguration.load(FileConfiguration.java:160)
	at dev.shvquu.betternpcs.core.i18n.LanguageManager.readFile(LanguageManager.java:153)
	at dev.shvquu.betternpcs.core.i18n.LanguageManager.lambda$load$3(LanguageManager.java:91)
	at java.base/java.util.stream.ForEachOps$ForEachOp$OfRef.accept(ForEachOps.java:184)
	at java.base/java.util.stream.ReferencePipeline$2$1.accept(ReferencePipeline.java:179)
	at java.base/java.util.stream.ReferencePipeline$2$1.accept(ReferencePipeline.java:179)
	at java.base/java.util.Iterator.forEachRemaining(Iterator.java:133)
	at java.base/java.util.Spliterators$IteratorSpliterator.forEachRemaining(Spliterators.java:1939)
	at java.base/java.util.stream.AbstractPipeline.copyInto(AbstractPipeline.java:509)
	at java.base/java.util.stream.AbstractPipeline.wrapAndCopyInto(AbstractPipeline.java:499)
	at java.base/java.util.stream.ForEachOps$ForEachOp.evaluateSequential(ForEachOps.java:151)
	at java.base/java.util.stream.ForEachOps$ForEachOp$OfRef.evaluateSequential(ForEachOps.java:174)
	at java.base/java.util.stream.AbstractPipeline.evaluate(AbstractPipeline.java:234)
	at java.base/java.util.stream.ReferencePipeline.forEach(ReferencePipeline.java:596)
	at dev.shvquu.betternpcs.core.i18n.LanguageManager.load(LanguageManager.java:91)
	at dev.shvquu.betternpcs.core.i18n.MiniMessageServiceTest$LanguageSelection.ignoresAMalformedFileWithoutLosingTheOthers(MiniMessageServiceTest.java:226)
	at java.base/jdk.internal.reflect.DirectMethodHandleAccessor.invoke(DirectMethodHandleAccessor.java:103)
	at java.base/java.lang.reflect.Method.invoke(Method.java:580)
	at org.junit.platform.commons.util.ReflectionUtils.invokeMethod(ReflectionUtils.java:700)
	at org.junit.platform.commons.support.ReflectionSupport.invokeMethod(ReflectionSupport.java:528)
	at org.junit.jupiter.engine.support.MethodReflectionUtils.invoke(MethodReflectionUtils.java:53)
	at org.junit.jupiter.engine.execution.MethodInvocation.proceed(MethodInvocation.java:61)
	at org.junit.jupiter.engine.execution.InvocationInterceptorChain$ValidatingInvocation.proceed(InvocationInterceptorChain.java:124)
	at org.junit.jupiter.engine.extension.TimeoutExtension.intercept(TimeoutExtension.java:163)
	at org.junit.jupiter.engine.extension.TimeoutExtension.interceptTestableMethod(TimeoutExtension.java:148)
	at org.junit.jupiter.engine.extension.TimeoutExtension.interceptTestMethod(TimeoutExtension.java:86)
	at org.junit.jupiter.engine.execution.InterceptingExecutableInvoker$ReflectiveInterceptorCall.lambda$ofVoidMethod$0(InterceptingExecutableInvoker.java:124)
	at org.junit.jupiter.engine.execution.InterceptingExecutableInvoker.lambda$invoke$0(InterceptingExecutableInvoker.java:105)
	at org.junit.jupiter.engine.execution.InvocationInterceptorChain$InterceptedInvocation.proceed(InvocationInterceptorChain.java:99)
	at org.junit.jupiter.engine.execution.InvocationInterceptorChain.proceed(InvocationInterceptorChain.java:66)
	at org.junit.jupiter.engine.execution.InvocationInterceptorChain.chainAndInvoke(InvocationInterceptorChain.java:47)
	at org.junit.jupiter.engine.execution.InvocationInterceptorChain.invoke(InvocationInterceptorChain.java:39)
	at org.junit.jupiter.engine.execution.InterceptingExecutableInvoker.invoke(InterceptingExecutableInvoker.java:104)
	at org.junit.jupiter.engine.execution.InterceptingExecutableInvoker.invoke(InterceptingExecutableInvoker.java:98)
	at org.junit.jupiter.engine.execution.InterceptingExecutableInvoker.invokeVoid(InterceptingExecutableInvoker.java:71)
	at org.junit.jupiter.engine.descriptor.TestMethodTestDescriptor.lambda$invokeTestMethod$0(TestMethodTestDescriptor.java:219)
	at org.junit.platform.engine.support.hierarchical.ThrowableCollector.execute(ThrowableCollector.java:74)
	at org.junit.jupiter.engine.descriptor.TestMethodTestDescriptor.invokeTestMethod(TestMethodTestDescriptor.java:215)
	at org.junit.jupiter.engine.descriptor.TestMethodTestDescriptor.execute(TestMethodTestDescriptor.java:157)
	at org.junit.jupiter.engine.descriptor.TestMethodTestDescriptor.execute(TestMethodTestDescriptor.java:70)
	at org.junit.platform.engine.support.hierarchical.NodeTestTask.lambda$executeRecursively$2(NodeTestTask.java:176)
	at org.junit.platform.engine.support.hierarchical.ThrowableCollector.execute(ThrowableCollector.java:74)
	at org.junit.platform.engine.support.hierarchical.NodeTestTask.lambda$executeRecursively$1(NodeTestTask.java:166)
	at org.junit.platform.engine.support.hierarchical.Node.around(Node.java:139)
	at org.junit.platform.engine.support.hierarchical.NodeTestTask.lambda$executeRecursively$0(NodeTestTask.java:164)
	at org.junit.platform.engine.support.hierarchical.ThrowableCollector.execute(ThrowableCollector.java:74)
	at org.junit.platform.engine.support.hierarchical.NodeTestTask.executeRecursively(NodeTestTask.java:163)
	at org.junit.platform.engine.support.hierarchical.NodeTestTask.execute(NodeTestTask.java:116)
	at java.base/java.util.ArrayList.forEach(ArrayList.java:1596)
	at org.junit.platform.engine.support.hierarchical.SameThreadHierarchicalTestExecutorService.invokeAll(SameThreadHierarchicalTestExecutorService.java:42)
	at org.junit.platform.engine.support.hierarchical.NodeTestTask.lambda$executeRecursively$2(NodeTestTask.java:180)
	at org.junit.platform.engine.support.hierarchical.ThrowableCollector.execute(ThrowableCollector.java:74)
	at org.junit.platform.engine.support.hierarchical.NodeTestTask.lambda$executeRecursively$1(NodeTestTask.java:166)
	at org.junit.platform.engine.support.hierarchical.Node.around(Node.java:139)
	at org.junit.platform.engine.support.hierarchical.NodeTestTask.lambda$executeRecursively$0(NodeTestTask.java:164)
	at org.junit.platform.engine.support.hierarchical.ThrowableCollector.execute(ThrowableCollector.java:74)
	at org.junit.platform.engine.support.hierarchical.NodeTestTask.executeRecursively(NodeTestTask.java:163)
	at org.junit.platform.engine.support.hierarchical.NodeTestTask.execute(NodeTestTask.java:116)
	at java.base/java.util.ArrayList.forEach(ArrayList.java:1596)
	at org.junit.platform.engine.support.hierarchical.SameThreadHierarchicalTestExecutorService.invokeAll(SameThreadHierarchicalTestExecutorService.java:42)
	at org.junit.platform.engine.support.hierarchical.NodeTestTask.lambda$executeRecursively$2(NodeTestTask.java:180)
	at org.junit.platform.engine.support.hierarchical.ThrowableCollector.execute(ThrowableCollector.java:74)
	at org.junit.platform.engine.support.hierarchical.NodeTestTask.lambda$executeRecursively$1(NodeTestTask.java:166)
	at org.junit.platform.engine.support.hierarchical.Node.around(Node.java:139)
	at org.junit.platform.engine.support.hierarchical.NodeTestTask.lambda$executeRecursively$0(NodeTestTask.java:164)
	at org.junit.platform.engine.support.hierarchical.ThrowableCollector.execute(ThrowableCollector.java:74)
	at org.junit.platform.engine.support.hierarchical.NodeTestTask.executeRecursively(NodeTestTask.java:163)
	at org.junit.platform.engine.support.hierarchical.NodeTestTask.execute(NodeTestTask.java:116)
	at java.base/java.util.ArrayList.forEach(ArrayList.java:1596)
	at org.junit.platform.engine.support.hierarchical.SameThreadHierarchicalTestExecutorService.invokeAll(SameThreadHierarchicalTestExecutorService.java:42)
	at org.junit.platform.engine.support.hierarchical.NodeTestTask.lambda$executeRecursively$2(NodeTestTask.java:180)
	at org.junit.platform.engine.support.hierarchical.ThrowableCollector.execute(ThrowableCollector.java:74)
	at org.junit.platform.engine.support.hierarchical.NodeTestTask.lambda$executeRecursively$1(NodeTestTask.java:166)
	at org.junit.platform.engine.support.hierarchical.Node.around(Node.java:139)
	at org.junit.platform.engine.support.hierarchical.NodeTestTask.lambda$executeRecursively$0(NodeTestTask.java:164)
	at org.junit.platform.engine.support.hierarchical.ThrowableCollector.execute(ThrowableCollector.java:74)
	at org.junit.platform.engine.support.hierarchical.NodeTestTask.executeRecursively(NodeTestTask.java:163)
	at org.junit.platform.engine.support.hierarchical.NodeTestTask.execute(NodeTestTask.java:116)
	at org.junit.platform.engine.support.hierarchical.SameThreadHierarchicalTestExecutorService.submit(SameThreadHierarchicalTestExecutorService.java:36)
	at org.junit.platform.engine.support.hierarchical.HierarchicalTestExecutor.execute(HierarchicalTestExecutor.java:52)
	at org.junit.platform.engine.support.hierarchical.HierarchicalTestEngine.execute(HierarchicalTestEngine.java:58)
	at org.junit.platform.launcher.core.EngineExecutionOrchestrator.executeEngine(EngineExecutionOrchestrator.java:256)
	at org.junit.platform.launcher.core.EngineExecutionOrchestrator.failOrExecuteEngine(EngineExecutionOrchestrator.java:228)
	at org.junit.platform.launcher.core.EngineExecutionOrchestrator.execute(EngineExecutionOrchestrator.java:189)
	at org.junit.platform.launcher.core.EngineExecutionOrchestrator.execute(EngineExecutionOrchestrator.java:109)
	at org.junit.platform.launcher.core.EngineExecutionOrchestrator.lambda$execute$0(EngineExecutionOrchestrator.java:66)
	at org.junit.platform.launcher.core.EngineExecutionOrchestrator.withInterceptedStreams(EngineExecutionOrchestrator.java:168)
	at org.junit.platform.launcher.core.EngineExecutionOrchestrator.execute(EngineExecutionOrchestrator.java:65)
	at org.junit.platform.launcher.core.DefaultLauncher.execute(DefaultLauncher.java:137)
	at org.junit.platform.launcher.core.DefaultLauncher.execute(DefaultLauncher.java:126)
	at org.junit.platform.launcher.core.DefaultLauncher.execute(DefaultLauncher.java:100)
	at org.junit.platform.launcher.core.DelegatingLauncher.execute(DelegatingLauncher.java:57)
	at org.junit.platform.launcher.core.InterceptingLauncher.lambda$execute$0(InterceptingLauncher.java:46)
	at org.junit.platform.launcher.core.ClasspathAlignmentCheckingLauncherInterceptor.intercept(ClasspathAlignmentCheckingLauncherInterceptor.java:25)
	at org.junit.platform.launcher.core.InterceptingLauncher.execute(InterceptingLauncher.java:45)
	at org.junit.platform.launcher.core.DelegatingLauncher.execute(DelegatingLauncher.java:57)
	at org.gradle.api.internal.tasks.testing.junitplatform.JUnitPlatformTestDefinitionProcessor$CollectThenExecuteTestDefinitionConsumer.processAllTestDefinitions(JUnitPlatformTestDefinitionProcessor.java:206)
	at org.gradle.api.internal.tasks.testing.junitplatform.JUnitPlatformTestDefinitionProcessor$CollectThenExecuteTestDefinitionConsumer.access$000(JUnitPlatformTestDefinitionProcessor.java:123)
	at org.gradle.api.internal.tasks.testing.junitplatform.JUnitPlatformTestDefinitionProcessor.stop(JUnitPlatformTestDefinitionProcessor.java:117)
	at org.gradle.api.internal.tasks.testing.SuiteTestDefinitionProcessor.stop(SuiteTestDefinitionProcessor.java:63)
	at java.base/jdk.internal.reflect.DirectMethodHandleAccessor.invoke(DirectMethodHandleAccessor.java:103)
	at java.base/java.lang.reflect.Method.invoke(Method.java:580)
	at org.gradle.internal.dispatch.MethodInvocation.invokeOn(MethodInvocation.java:77)
	at org.gradle.internal.dispatch.ReflectionDispatch.dispatch(ReflectionDispatch.java:28)
	at org.gradle.internal.dispatch.ReflectionDispatch.dispatch(ReflectionDispatch.java:19)
	at org.gradle.internal.dispatch.ContextClassLoaderDispatch.dispatch(ContextClassLoaderDispatch.java:33)
	at org.gradle.internal.dispatch.ProxyDispatchAdapter$DispatchingInvocationHandler.invoke(ProxyDispatchAdapter.java:88)
	at jdk.proxy1/jdk.proxy1.$Proxy4.stop(Unknown Source)
	at org.gradle.api.internal.tasks.testing.worker.TestWorker$3.run(TestWorker.java:195)
	at org.gradle.api.internal.tasks.testing.worker.TestWorker.executeAndMaintainThreadName(TestWorker.java:126)
	at org.gradle.api.internal.tasks.testing.worker.TestWorker.execute(TestWorker.java:103)
	at org.gradle.api.internal.tasks.testing.worker.TestWorker.execute(TestWorker.java:63)
	at org.gradle.process.internal.worker.child.ActionExecutionWorker.execute(ActionExecutionWorker.java:56)
	at org.gradle.process.internal.worker.child.SystemApplicationClassLoaderWorker.call(SystemApplicationClassLoaderWorker.java:122)
	at org.gradle.process.internal.worker.child.SystemApplicationClassLoaderWorker.call(SystemApplicationClassLoaderWorker.java:72)
	at worker.org.gradle.process.internal.worker.GradleWorkerMain.run(GradleWorkerMain.java:69)
	at worker.org.gradle.process.internal.worker.GradleWorkerMain.main(GradleWorkerMain.java:74)
Caused by: while scanning for the next token
found character '\t(TAB)' that cannot start any token. (Do not use \t(TAB) for indentation)
 in 'reader', line 1, column 1:
    	this: is not: yaml
    ^

	at org.yaml.snakeyaml.scanner.ScannerImpl.fetchMoreTokens(ScannerImpl.java:445)
	at org.yaml.snakeyaml.scanner.ScannerImpl.checkToken(ScannerImpl.java:238)
	at org.yaml.snakeyaml.parser.ParserImpl$ParseImplicitDocumentStart.produce(ParserImpl.java:210)
	at org.yaml.snakeyaml.parser.ParserImpl.peekEvent(ParserImpl.java:161)
	at org.yaml.snakeyaml.parser.ParserImpl.checkEvent(ParserImpl.java:152)
	at org.yaml.snakeyaml.composer.Composer.getSingleNode(Composer.java:156)
	at org.yaml.snakeyaml.Yaml.compose(Yaml.java:575)
	at org.bukkit.configuration.file.YamlConfiguration.loadFromString(YamlConfiguration.java:105)
	... 117 more

Sept. 05, 2026 3:26:32 PM dev.shvquu.betternpcs.core.i18n.LanguageManager reportIncompleteTranslations
WARNUNG: Language 'de_DE' is missing 61 message(s) and falls back to English for them, for example: prefix, general.players-only, general.unknown-subcommand
Sept. 05, 2026 3:26:32 PM dev.shvquu.betternpcs.core.i18n.LanguageManager writeMissingBundledFiles
WARNUNG: The plugin jar has no packaged language file languages/en_US.yml.
Sept. 05, 2026 3:26:32 PM dev.shvquu.betternpcs.core.i18n.LanguageManager writeMissingBundledFiles
WARNUNG: The plugin jar has no packaged language file languages/de_DE.yml.
Sept. 05, 2026 3:26:32 PM dev.shvquu.betternpcs.core.i18n.LanguageManager writeMissingBundledFiles
WARNUNG: The plugin jar has no packaged language file languages/es_ES.yml.
Sept. 05, 2026 3:26:32 PM dev.shvquu.betternpcs.core.i18n.LanguageManager writeMissingBundledFiles
WARNUNG: The plugin jar has no packaged language file languages/fr_FR.yml.
Sept. 05, 2026 3:26:32 PM dev.shvquu.betternpcs.core.i18n.LanguageManager load
WARNUNG: No language file 'en_US.yml' was found in C:\Users\kilia\AppData\Local\Temp\junit-8751490883737136044; using the built-in English texts.
Sept. 05, 2026 3:26:32 PM dev.shvquu.betternpcs.core.i18n.LanguageManager writeMissingBundledFiles
WARNUNG: The plugin jar has no packaged language file languages/en_US.yml.
Sept. 05, 2026 3:26:32 PM dev.shvquu.betternpcs.core.i18n.LanguageManager writeMissingBundledFiles
WARNUNG: The plugin jar has no packaged language file languages/es_ES.yml.
Sept. 05, 2026 3:26:32 PM dev.shvquu.betternpcs.core.i18n.LanguageManager writeMissingBundledFiles
WARNUNG: The plugin jar has no packaged language file languages/fr_FR.yml.
Sept. 05, 2026 3:26:32 PM dev.shvquu.betternpcs.core.i18n.LanguageManager reportIncompleteTranslations
WARNUNG: Language 'de_DE' is missing 61 message(s) and falls back to English for them, for example: prefix, general.players-only, general.unknown-subcommand
Sept. 05, 2026 3:26:32 PM dev.shvquu.betternpcs.core.i18n.LanguageManager writeMissingBundledFiles
WARNUNG: The plugin jar has no packaged language file languages/en_US.yml.
Sept. 05, 2026 3:26:32 PM dev.shvquu.betternpcs.core.i18n.LanguageManager writeMissingBundledFiles
WARNUNG: The plugin jar has no packaged language file languages/de_DE.yml.
Sept. 05, 2026 3:26:32 PM dev.shvquu.betternpcs.core.i18n.LanguageManager writeMissingBundledFiles
WARNUNG: The plugin jar has no packaged language file languages/es_ES.yml.
Sept. 05, 2026 3:26:32 PM dev.shvquu.betternpcs.core.i18n.LanguageManager writeMissingBundledFiles
WARNUNG: The plugin jar has no packaged language file languages/fr_FR.yml.
Sept. 05, 2026 3:26:32 PM dev.shvquu.betternpcs.core.i18n.LanguageManager load
WARNUNG: No language file 'en_US.yml' was found in C:\Users\kilia\AppData\Local\Temp\junit-10156145983927538412; using the built-in English texts.
Sept. 05, 2026 3:26:32 PM dev.shvquu.betternpcs.core.i18n.LanguageManager writeMissingBundledFiles
WARNUNG: The plugin jar has no packaged language file languages/es_ES.yml.
Sept. 05, 2026 3:26:32 PM dev.shvquu.betternpcs.core.i18n.LanguageManager writeMissingBundledFiles
WARNUNG: The plugin jar has no packaged language file languages/fr_FR.yml.
Sept. 05, 2026 3:26:32 PM dev.shvquu.betternpcs.core.i18n.LanguageManager reportIncompleteTranslations
WARNUNG: Language 'de_DE' is missing 61 message(s) and falls back to English for them, for example: prefix, general.players-only, general.unknown-subcommand
Sept. 05, 2026 3:26:32 PM dev.shvquu.betternpcs.core.i18n.LanguageManager reportIncompleteTranslations
WARNUNG: Language 'en_US' is missing 61 message(s) and falls back to English for them, for example: prefix, general.players-only, general.unknown-subcommand
Sept. 05, 2026 3:26:32 PM dev.shvquu.betternpcs.core.i18n.LanguageManager writeMissingBundledFiles
WARNUNG: The plugin jar has no packaged language file languages/en_US.yml.
Sept. 05, 2026 3:26:32 PM dev.shvquu.betternpcs.core.i18n.LanguageManager writeMissingBundledFiles
WARNUNG: The plugin jar has no packaged language file languages/de_DE.yml.
Sept. 05, 2026 3:26:32 PM dev.shvquu.betternpcs.core.i18n.LanguageManager writeMissingBundledFiles
WARNUNG: The plugin jar has no packaged language file languages/es_ES.yml.
Sept. 05, 2026 3:26:32 PM dev.shvquu.betternpcs.core.i18n.LanguageManager writeMissingBundledFiles
WARNUNG: The plugin jar has no packaged language file languages/fr_FR.yml.
Sept. 05, 2026 3:26:32 PM dev.shvquu.betternpcs.core.i18n.LanguageManager load
WARNUNG: No language file 'en_US.yml' was found in C:\Users\kilia\AppData\Local\Temp\junit-2330687490790005733; using the built-in English texts.
Sept. 05, 2026 3:26:32 PM dev.shvquu.betternpcs.core.i18n.LanguageManager writeMissingBundledFiles
WARNUNG: The plugin jar has no packaged language file languages/en_US.yml.
Sept. 05, 2026 3:26:32 PM dev.shvquu.betternpcs.core.i18n.LanguageManager writeMissingBundledFiles
WARNUNG: The plugin jar has no packaged language file languages/es_ES.yml.
Sept. 05, 2026 3:26:32 PM dev.shvquu.betternpcs.core.i18n.LanguageManager writeMissingBundledFiles
WARNUNG: The plugin jar has no packaged language file languages/fr_FR.yml.
Sept. 05, 2026 3:26:32 PM dev.shvquu.betternpcs.core.i18n.LanguageManager reportIncompleteTranslations
WARNUNG: Language 'de_DE' is missing 61 message(s) and falls back to English for them, for example: prefix, general.players-only, general.unknown-subcommand
Sept. 05, 2026 3:26:32 PM dev.shvquu.betternpcs.core.i18n.LanguageManager writeMissingBundledFiles
WARNUNG: The plugin jar has no packaged language file languages/en_US.yml.
Sept. 05, 2026 3:26:32 PM dev.shvquu.betternpcs.core.i18n.LanguageManager writeMissingBundledFiles
WARNUNG: The plugin jar has no packaged language file languages/de_DE.yml.
Sept. 05, 2026 3:26:32 PM dev.shvquu.betternpcs.core.i18n.LanguageManager writeMissingBundledFiles
WARNUNG: The plugin jar has no packaged language file languages/es_ES.yml.
Sept. 05, 2026 3:26:32 PM dev.shvquu.betternpcs.core.i18n.LanguageManager writeMissingBundledFiles
WARNUNG: The plugin jar has no packaged language file languages/fr_FR.yml.
Sept. 05, 2026 3:26:32 PM dev.shvquu.betternpcs.core.i18n.LanguageManager load
WARNUNG: No language file 'en_US.yml' was found in C:\Users\kilia\AppData\Local\Temp\junit-3203547470586149786; using the built-in English texts.
Sept. 05, 2026 3:26:32 PM dev.shvquu.betternpcs.core.i18n.LanguageManager writeMissingBundledFiles
WARNUNG: The plugin jar has no packaged language file languages/en_US.yml.
Sept. 05, 2026 3:26:32 PM dev.shvquu.betternpcs.core.i18n.LanguageManager writeMissingBundledFiles
WARNUNG: The plugin jar has no packaged language file languages/es_ES.yml.
Sept. 05, 2026 3:26:32 PM dev.shvquu.betternpcs.core.i18n.LanguageManager writeMissingBundledFiles
WARNUNG: The plugin jar has no packaged language file languages/fr_FR.yml.
Sept. 05, 2026 3:26:32 PM dev.shvquu.betternpcs.core.i18n.LanguageManager reportIncompleteTranslations
WARNUNG: Language 'de_DE' is missing 61 message(s) and falls back to English for them, for example: prefix, general.players-only, general.unknown-subcommand
Sept. 05, 2026 3:26:32 PM dev.shvquu.betternpcs.core.i18n.LanguageManager writeMissingBundledFiles
WARNUNG: The plugin jar has no packaged language file languages/en_US.yml.
Sept. 05, 2026 3:26:32 PM dev.shvquu.betternpcs.core.i18n.LanguageManager writeMissingBundledFiles
WARNUNG: The plugin jar has no packaged language file languages/de_DE.yml.
Sept. 05, 2026 3:26:32 PM dev.shvquu.betternpcs.core.i18n.LanguageManager writeMissingBundledFiles
WARNUNG: The plugin jar has no packaged language file languages/es_ES.yml.
Sept. 05, 2026 3:26:32 PM dev.shvquu.betternpcs.core.i18n.LanguageManager writeMissingBundledFiles
WARNUNG: The plugin jar has no packaged language file languages/fr_FR.yml.
Sept. 05, 2026 3:26:32 PM dev.shvquu.betternpcs.core.i18n.LanguageManager load
WARNUNG: No language file 'en_US.yml' was found in C:\Users\kilia\AppData\Local\Temp\junit-3015815991677012825; using the built-in English texts.
Sept. 05, 2026 3:26:32 PM dev.shvquu.betternpcs.core.i18n.LanguageManager writeMissingBundledFiles
WARNUNG: The plugin jar has no packaged language file languages/en_US.yml.
Sept. 05, 2026 3:26:32 PM dev.shvquu.betternpcs.core.i18n.LanguageManager writeMissingBundledFiles
WARNUNG: The plugin jar has no packaged language file languages/de_DE.yml.
Sept. 05, 2026 3:26:32 PM dev.shvquu.betternpcs.core.i18n.LanguageManager writeMissingBundledFiles
WARNUNG: The plugin jar has no packaged language file languages/es_ES.yml.
Sept. 05, 2026 3:26:32 PM dev.shvquu.betternpcs.core.i18n.LanguageManager writeMissingBundledFiles
WARNUNG: The plugin jar has no packaged language file languages/fr_FR.yml.
Sept. 05, 2026 3:26:32 PM dev.shvquu.betternpcs.core.i18n.LanguageManager load
WARNUNG: No language file 'nonexistent_LOCALE.yml' was found in C:\Users\kilia\AppData\Local\Temp\junit-3015815991677012825; using the built-in English texts.
]]></system-err>
</testsuite>
