<?xml version="1.0" encoding="UTF-8"?>
<testsuite name="property updates" tests="11" skipped="0" failures="0" errors="0" timestamp="2026-09-05T13:26:33.791Z" hostname="SUPERDUPERPC" time="0.06">
  <properties/>
  <testcase name="sendsEquipmentWhenASlotChanges()" classname="dev.shvquu.betternpcs.core.npc.NpcEngineTest$PropertyUpdates" time="0.011"/>
  <testcase name="sendsOneMetadataPacketForAnAppearanceChange()" classname="dev.shvquu.betternpcs.core.npc.NpcEngineTest$PropertyUpdates" time="0.004"/>
  <testcase name="sendsNothingWhenTheAppearanceIsUnchanged()" classname="dev.shvquu.betternpcs.core.npc.NpcEngineTest$PropertyUpdates" time="0.004"/>
  <testcase name="sendsATeleportForAMoveWithinAWorld()" classname="dev.shvquu.betternpcs.core.npc.NpcEngineTest$PropertyUpdates" time="0.008"/>
  <testcase name="respawnsForAMoveToAnotherWorld()" classname="dev.shvquu.betternpcs.core.npc.NpcEngineTest$PropertyUpdates" time="0.004"/>
  <testcase name="doesNotMarkTheNpcDirtyForANoOpChange()" classname="dev.shvquu.betternpcs.core.npc.NpcEngineTest$PropertyUpdates" time="0.004"/>
  <testcase name="respawnsTheTextEntitiesWhenTheLineCountChanges()" classname="dev.shvquu.betternpcs.core.npc.NpcEngineTest$PropertyUpdates" time="0.005"/>
  <testcase name="movesTheTextLinesWithTheNpc()" classname="dev.shvquu.betternpcs.core.npc.NpcEngineTest$PropertyUpdates" time="0.004"/>
  <testcase name="respawnsWhenTheTypeChanges()" classname="dev.shvquu.betternpcs.core.npc.NpcEngineTest$PropertyUpdates" time="0.005"/>
  <testcase name="allocatesFreshEntityIdsOnRespawn()" classname="dev.shvquu.betternpcs.core.npc.NpcEngineTest$PropertyUpdates" time="0.004"/>
  <testcase name="marksTheNpcDirtyForEveryChange()" classname="dev.shvquu.betternpcs.core.npc.NpcEngineTest$PropertyUpdates" time="0.004"/>
  <system-out><![CDATA[]]></system-out>
  <system-err><![CDATA[]]></system-err>
</testsuite>
