<?xml version="1.0" encoding="UTF-8"?>
<testsuite name="ordering" tests="4" skipped="0" failures="0" errors="0" timestamp="2026-09-05T13:26:34.081Z" hostname="SUPERDUPERPC" time="0.001">
  <properties/>
  <testcase name="ordersWithinTheDropScheme()" classname="dev.shvquu.betternpcs.core.version.MinecraftVersionTest$Ordering" time="0.001"/>
  <testcase name="treatsOmittedTrailingComponentsAsZero()" classname="dev.shvquu.betternpcs.core.version.MinecraftVersionTest$Ordering" time="0.0"/>
  <testcase name="comparesComponentsNumericallyNotLexically()" classname="dev.shvquu.betternpcs.core.version.MinecraftVersionTest$Ordering" time="0.0"/>
  <testcase name="ordersEveryLegacyVersionBelowEveryDropVersion()" classname="dev.shvquu.betternpcs.core.version.MinecraftVersionTest$Ordering" time="0.0"/>
  <system-out><![CDATA[]]></system-out>
  <system-err><![CDATA[]]></system-err>
</testsuite>
