<?xml version="1.0" encoding="UTF-8"?>
<testsuite name="dev.shvquu.betternpcs.core.ArchitectureTest" tests="4" skipped="0" failures="0" errors="0" timestamp="2026-09-05T13:26:30.232Z" hostname="SUPERDUPERPC" time="2.163">
  <properties/>
  <testcase name="nothing reaches the server through Bukkit's static holder where it was handed one" classname="dev.shvquu.betternpcs.core.ArchitectureTest" time="0.249"/>
  <testcase name="the public API does not depend on the engine" classname="dev.shvquu.betternpcs.core.ArchitectureTest" time="0.02"/>
  <testcase name="the public API never imports Minecraft internals" classname="dev.shvquu.betternpcs.core.ArchitectureTest" time="0.002"/>
  <testcase name="the engine never imports Minecraft internals" classname="dev.shvquu.betternpcs.core.ArchitectureTest" time="0.012"/>
  <system-out><![CDATA[]]></system-out>
  <system-err><![CDATA[]]></system-err>
</testsuite>
