<?xml version="1.0" encoding="UTF-8"?>
<testsuite name="placeholder injection" tests="3" skipped="0" failures="0" errors="0" timestamp="2026-09-05T13:26:32.825Z" hostname="SUPERDUPERPC" time="0.011">
  <properties/>
  <testcase name="leavesTheTemplatesOwnFormattingIntact()" classname="dev.shvquu.betternpcs.core.i18n.MiniMessageServiceTest$PlaceholderInjection" time="0.003"/>
  <testcase name="cannotIntroduceAClickEvent()" classname="dev.shvquu.betternpcs.core.i18n.MiniMessageServiceTest$PlaceholderInjection" time="0.003"/>
  <testcase name="cannotIntroduceFormatting()" classname="dev.shvquu.betternpcs.core.i18n.MiniMessageServiceTest$PlaceholderInjection" time="0.003"/>
  <system-out><![CDATA[]]></system-out>
  <system-err><![CDATA[Sept. 05, 2026 3:26:32 PM dev.shvquu.betternpcs.core.i18n.LanguageManager writeMissingBundledFiles
WARNUNG: The plugin jar has no packaged language file languages/en_US.yml.
Sept. 05, 2026 3:26:32 PM dev.shvquu.betternpcs.core.i18n.LanguageManager writeMissingBundledFiles
WARNUNG: The plugin jar has no packaged language file languages/de_DE.yml.
Sept. 05, 2026 3:26:32 PM dev.shvquu.betternpcs.core.i18n.LanguageManager writeMissingBundledFiles
WARNUNG: The plugin jar has no packaged language file languages/es_ES.yml.
Sept. 05, 2026 3:26:32 PM dev.shvquu.betternpcs.core.i18n.LanguageManager writeMissingBundledFiles
WARNUNG: The plugin jar has no packaged language file languages/fr_FR.yml.
Sept. 05, 2026 3:26:32 PM dev.shvquu.betternpcs.core.i18n.LanguageManager load
WARNUNG: No language file 'en_US.yml' was found in C:\Users\kilia\AppData\Local\Temp\junit-3056317331105179008; using the built-in English texts.
Sept. 05, 2026 3:26:32 PM dev.shvquu.betternpcs.core.i18n.LanguageManager writeMissingBundledFiles
WARNUNG: The plugin jar has no packaged language file languages/en_US.yml.
Sept. 05, 2026 3:26:32 PM dev.shvquu.betternpcs.core.i18n.LanguageManager writeMissingBundledFiles
WARNUNG: The plugin jar has no packaged language file languages/de_DE.yml.
Sept. 05, 2026 3:26:32 PM dev.shvquu.betternpcs.core.i18n.LanguageManager writeMissingBundledFiles
WARNUNG: The plugin jar has no packaged language file languages/es_ES.yml.
Sept. 05, 2026 3:26:32 PM dev.shvquu.betternpcs.core.i18n.LanguageManager writeMissingBundledFiles
WARNUNG: The plugin jar has no packaged language file languages/fr_FR.yml.
Sept. 05, 2026 3:26:32 PM dev.shvquu.betternpcs.core.i18n.LanguageManager load
WARNUNG: No language file 'en_US.yml' was found in C:\Users\kilia\AppData\Local\Temp\junit-8185114421622976042; using the built-in English texts.
Sept. 05, 2026 3:26:32 PM dev.shvquu.betternpcs.core.i18n.LanguageManager writeMissingBundledFiles
WARNUNG: The plugin jar has no packaged language file languages/en_US.yml.
Sept. 05, 2026 3:26:32 PM dev.shvquu.betternpcs.core.i18n.LanguageManager writeMissingBundledFiles
WARNUNG: The plugin jar has no packaged language file languages/de_DE.yml.
Sept. 05, 2026 3:26:32 PM dev.shvquu.betternpcs.core.i18n.LanguageManager writeMissingBundledFiles
WARNUNG: The plugin jar has no packaged language file languages/es_ES.yml.
Sept. 05, 2026 3:26:32 PM dev.shvquu.betternpcs.core.i18n.LanguageManager writeMissingBundledFiles
WARNUNG: The plugin jar has no packaged language file languages/fr_FR.yml.
Sept. 05, 2026 3:26:32 PM dev.shvquu.betternpcs.core.i18n.LanguageManager load
WARNUNG: No language file 'en_US.yml' was found in C:\Users\kilia\AppData\Local\Temp\junit-4769595305065519512; using the built-in English texts.
]]></system-err>
</testsuite>
