<?xml version="1.0" encoding="UTF-8"?>
<testsuite name="reading" tests="6" skipped="0" failures="0" errors="0" timestamp="2026-09-05T13:26:32.569Z" hostname="SUPERDUPERPC" time="0.018">
  <properties/>
  <testcase name="readsAnEnumCaseInsensitivelyAndWithDashes()" classname="dev.shvquu.betternpcs.core.config.ConfigReaderTest$Reading" time="0.003"/>
  <testcase name="readsAnAbsentStringMapAsEmpty()" classname="dev.shvquu.betternpcs.core.config.ConfigReaderTest$Reading" time="0.005"/>
  <testcase name="readsNestedPathsAndNamesThemInErrors()" classname="dev.shvquu.betternpcs.core.config.ConfigReaderTest$Reading" time="0.002"/>
  <testcase name="acceptsANumberWrittenAsAString()" classname="dev.shvquu.betternpcs.core.config.ConfigReaderTest$Reading" time="0.0"/>
  <testcase name="listsTheAcceptedValuesWhenAnEnumIsWrong()" classname="dev.shvquu.betternpcs.core.config.ConfigReaderTest$Reading" time="0.001"/>
  <testcase name="readsAStringMapInFileOrder()" classname="dev.shvquu.betternpcs.core.config.ConfigReaderTest$Reading" time="0.004"/>
  <system-out><![CDATA[]]></system-out>
  <system-err><![CDATA[]]></system-err>
</testsuite>
