<?xml version="1.0" encoding="UTF-8"?>
<testsuite name="creation and deletion" tests="9" skipped="0" failures="0" errors="0" timestamp="2026-09-05T13:26:32.867Z" hostname="SUPERDUPERPC" time="0.743">
  <properties/>
  <testcase name="refusesANameThatCannotBeTypedIntoACommand()" classname="dev.shvquu.betternpcs.core.npc.NpcEngineTest$CreationAndDeletion" time="0.71"/>
  <testcase name="refusesADuplicateName()" classname="dev.shvquu.betternpcs.core.npc.NpcEngineTest$CreationAndDeletion" time="0.01"/>
  <testcase name="keepsTheNpcWhenDeletionIsCancelled()" classname="dev.shvquu.betternpcs.core.npc.NpcEngineTest$CreationAndDeletion" time="0.003"/>
  <testcase name="refusesToCreateWhenAListenerCancels()" classname="dev.shvquu.betternpcs.core.npc.NpcEngineTest$CreationAndDeletion" time="0.003"/>
  <testcase name="deletesFromMemoryAndStorage()" classname="dev.shvquu.betternpcs.core.npc.NpcEngineTest$CreationAndDeletion" time="0.005"/>
  <testcase name="freesTheNameAfterDeletion()" classname="dev.shvquu.betternpcs.core.npc.NpcEngineTest$CreationAndDeletion" time="0.003"/>
  <testcase name="registersANewNpcUnderItsName()" classname="dev.shvquu.betternpcs.core.npc.NpcEngineTest$CreationAndDeletion" time="0.003"/>
  <testcase name="firesTheCreateEventBeforeRegistering()" classname="dev.shvquu.betternpcs.core.npc.NpcEngineTest$CreationAndDeletion" time="0.003"/>
  <testcase name="invalidatesTheHandleAfterDeletion()" classname="dev.shvquu.betternpcs.core.npc.NpcEngineTest$CreationAndDeletion" time="0.003"/>
  <system-out><![CDATA[]]></system-out>
  <system-err><![CDATA[]]></system-err>
</testsuite>
