<?xml version="1.0" encoding="UTF-8"?>
<testsuite name="secrets" tests="5" skipped="0" failures="0" errors="0" timestamp="2026-09-05T13:26:32.654Z" hostname="SUPERDUPERPC" time="0.008">
  <properties/>
  <testcase name="areStillUsableAfterRedaction()" classname="dev.shvquu.betternpcs.core.config.StorageSettingsTest$Secrets" time="0.001"/>
  <testcase name="neverAppearInTheAggregateDescription()" classname="dev.shvquu.betternpcs.core.config.StorageSettingsTest$Secrets" time="0.001"/>
  <testcase name="neverAppearInAJdbcDescription()" classname="dev.shvquu.betternpcs.core.config.StorageSettingsTest$Secrets" time="0.004"/>
  <testcase name="neverAppearInAMongoDescription()" classname="dev.shvquu.betternpcs.core.config.StorageSettingsTest$Secrets" time="0.0"/>
  <testcase name="describesAConnectionStringWithoutCredentialsUnchanged()" classname="dev.shvquu.betternpcs.core.config.StorageSettingsTest$Secrets" time="0.001"/>
  <system-out><![CDATA[]]></system-out>
  <system-err><![CDATA[]]></system-err>
</testsuite>
