<?xml version="1.0" encoding="UTF-8"?>
<testsuite name="token matching" tests="5" skipped="0" failures="0" errors="0" timestamp="2026-09-05T13:26:32.837Z" hostname="SUPERDUPERPC" time="0.016">
  <properties/>
  <testcase name="leavesAnUnclaimedTokenVisible()" classname="dev.shvquu.betternpcs.core.i18n.MiniMessageServiceTest$TokenMatching" time="0.003"/>
  <testcase name="expandsEveryTokenInALine()" classname="dev.shvquu.betternpcs.core.i18n.MiniMessageServiceTest$TokenMatching" time="0.003"/>
  <testcase name="treatsADollarInAnExpandedValueLiterally()" classname="dev.shvquu.betternpcs.core.i18n.MiniMessageServiceTest$TokenMatching" time="0.003"/>
  <testcase name="doesNotCallTheExpanderWhenThereIsNoPercentSign()" classname="dev.shvquu.betternpcs.core.i18n.MiniMessageServiceTest$TokenMatching" time="0.003"/>
  <testcase name="doesNotTreatProseBetweenPercentSignsAsAToken()" classname="dev.shvquu.betternpcs.core.i18n.MiniMessageServiceTest$TokenMatching" time="0.003"/>
  <system-out><![CDATA[]]></system-out>
  <system-err><![CDATA[Sept. 05, 2026 3:26:32 PM dev.shvquu.betternpcs.core.i18n.LanguageManager writeMissingBundledFiles
WARNUNG: The plugin jar has no packaged language file languages/en_US.yml.
Sept. 05, 2026 3:26:32 PM dev.shvquu.betternpcs.core.i18n.LanguageManager writeMissingBundledFiles
WARNUNG: The plugin jar has no packaged language file languages/de_DE.yml.
Sept. 05, 2026 3:26:32 PM dev.shvquu.betternpcs.core.i18n.LanguageManager writeMissingBundledFiles
WARNUNG: The plugin jar has no packaged language file languages/es_ES.yml.
Sept. 05, 2026 3:26:32 PM dev.shvquu.betternpcs.core.i18n.LanguageManager writeMissingBundledFiles
WARNUNG: The plugin jar has no packaged language file languages/fr_FR.yml.
Sept. 05, 2026 3:26:32 PM dev.shvquu.betternpcs.core.i18n.LanguageManager load
WARNUNG: No language file 'en_US.yml' was found in C:\Users\kilia\AppData\Local\Temp\junit-16535059437786328131; using the built-in English texts.
Sept. 05, 2026 3:26:32 PM dev.shvquu.betternpcs.core.i18n.LanguageManager writeMissingBundledFiles
WARNUNG: The plugin jar has no packaged language file languages/en_US.yml.
Sept. 05, 2026 3:26:32 PM dev.shvquu.betternpcs.core.i18n.LanguageManager writeMissingBundledFiles
WARNUNG: The plugin jar has no packaged language file languages/de_DE.yml.
Sept. 05, 2026 3:26:32 PM dev.shvquu.betternpcs.core.i18n.LanguageManager writeMissingBundledFiles
WARNUNG: The plugin jar has no packaged language file languages/es_ES.yml.
Sept. 05, 2026 3:26:32 PM dev.shvquu.betternpcs.core.i18n.LanguageManager writeMissingBundledFiles
WARNUNG: The plugin jar has no packaged language file languages/fr_FR.yml.
Sept. 05, 2026 3:26:32 PM dev.shvquu.betternpcs.core.i18n.LanguageManager load
WARNUNG: No language file 'en_US.yml' was found in C:\Users\kilia\AppData\Local\Temp\junit-16904558317356117491; using the built-in English texts.
Sept. 05, 2026 3:26:32 PM dev.shvquu.betternpcs.core.i18n.LanguageManager writeMissingBundledFiles
WARNUNG: The plugin jar has no packaged language file languages/en_US.yml.
Sept. 05, 2026 3:26:32 PM dev.shvquu.betternpcs.core.i18n.LanguageManager writeMissingBundledFiles
WARNUNG: The plugin jar has no packaged language file languages/de_DE.yml.
Sept. 05, 2026 3:26:32 PM dev.shvquu.betternpcs.core.i18n.LanguageManager writeMissingBundledFiles
WARNUNG: The plugin jar has no packaged language file languages/es_ES.yml.
Sept. 05, 2026 3:26:32 PM dev.shvquu.betternpcs.core.i18n.LanguageManager writeMissingBundledFiles
WARNUNG: The plugin jar has no packaged language file languages/fr_FR.yml.
Sept. 05, 2026 3:26:32 PM dev.shvquu.betternpcs.core.i18n.LanguageManager load
WARNUNG: No language file 'en_US.yml' was found in C:\Users\kilia\AppData\Local\Temp\junit-12183612801349287727; using the built-in English texts.
Sept. 05, 2026 3:26:32 PM dev.shvquu.betternpcs.core.i18n.LanguageManager writeMissingBundledFiles
WARNUNG: The plugin jar has no packaged language file languages/en_US.yml.
Sept. 05, 2026 3:26:32 PM dev.shvquu.betternpcs.core.i18n.LanguageManager writeMissingBundledFiles
WARNUNG: The plugin jar has no packaged language file languages/de_DE.yml.
Sept. 05, 2026 3:26:32 PM dev.shvquu.betternpcs.core.i18n.LanguageManager writeMissingBundledFiles
WARNUNG: The plugin jar has no packaged language file languages/es_ES.yml.
Sept. 05, 2026 3:26:32 PM dev.shvquu.betternpcs.core.i18n.LanguageManager writeMissingBundledFiles
WARNUNG: The plugin jar has no packaged language file languages/fr_FR.yml.
Sept. 05, 2026 3:26:32 PM dev.shvquu.betternpcs.core.i18n.LanguageManager load
WARNUNG: No language file 'en_US.yml' was found in C:\Users\kilia\AppData\Local\Temp\junit-7636335883432755104; using the built-in English texts.
Sept. 05, 2026 3:26:32 PM dev.shvquu.betternpcs.core.i18n.LanguageManager writeMissingBundledFiles
WARNUNG: The plugin jar has no packaged language file languages/en_US.yml.
Sept. 05, 2026 3:26:32 PM dev.shvquu.betternpcs.core.i18n.LanguageManager writeMissingBundledFiles
WARNUNG: The plugin jar has no packaged language file languages/de_DE.yml.
Sept. 05, 2026 3:26:32 PM dev.shvquu.betternpcs.core.i18n.LanguageManager writeMissingBundledFiles
WARNUNG: The plugin jar has no packaged language file languages/es_ES.yml.
Sept. 05, 2026 3:26:32 PM dev.shvquu.betternpcs.core.i18n.LanguageManager writeMissingBundledFiles
WARNUNG: The plugin jar has no packaged language file languages/fr_FR.yml.
Sept. 05, 2026 3:26:32 PM dev.shvquu.betternpcs.core.i18n.LanguageManager load
WARNUNG: No language file 'en_US.yml' was found in C:\Users\kilia\AppData\Local\Temp\junit-13662467822651007894; using the built-in English texts.
]]></system-err>
</testsuite>
