<?xml version="1.0" encoding="UTF-8"?>
<testsuite name="dev.shvquu.betternpcs.core.logging.StartupBannerTest" tests="10" skipped="0" failures="0" errors="0" timestamp="2026-09-05T13:26:32.853Z" hostname="SUPERDUPERPC" time="0.013">
  <properties/>
  <testcase name="[1] unicode = true" classname="dev.shvquu.betternpcs.core.logging.StartupBannerTest" time="0.004"/>
  <testcase name="[2] unicode = false" classname="dev.shvquu.betternpcs.core.logging.StartupBannerTest" time="0.0"/>
  <testcase name="reportsEverythingNeededToDiagnoseAProblem()" classname="dev.shvquu.betternpcs.core.logging.StartupBannerTest" time="0.001"/>
  <testcase name="rejectsMissingDetails()" classname="dev.shvquu.betternpcs.core.logging.StartupBannerTest" time="0.001"/>
  <testcase name="[1] unicode = true" classname="dev.shvquu.betternpcs.core.logging.StartupBannerTest" time="0.0"/>
  <testcase name="[2] unicode = false" classname="dev.shvquu.betternpcs.core.logging.StartupBannerTest" time="0.001"/>
  <testcase name="usesOnlyAsciiInTheAsciiStyle()" classname="dev.shvquu.betternpcs.core.logging.StartupBannerTest" time="0.001"/>
  <testcase name="usesTheNameItWasGivenSoAForkIdentifiesItself()" classname="dev.shvquu.betternpcs.core.logging.StartupBannerTest" time="0.0"/>
  <testcase name="answersWhetherTheConsoleCanDrawABox()" classname="dev.shvquu.betternpcs.core.logging.StartupBannerTest" time="0.001"/>
  <testcase name="statesWhetherDebugLoggingIsOn()" classname="dev.shvquu.betternpcs.core.logging.StartupBannerTest" time="0.0"/>
  <system-out><![CDATA[]]></system-out>
  <system-err><![CDATA[]]></system-err>
</testsuite>
