<?xml version="1.0" encoding="UTF-8"?>
<testsuite name="visibility tracking" tests="13" skipped="0" failures="0" errors="0" timestamp="2026-09-05T13:26:33.851Z" hostname="SUPERDUPERPC" time="0.199">
  <properties/>
  <testcase name="showsAnNpcToANearbyPlayer()" classname="dev.shvquu.betternpcs.core.npc.NpcEngineTest$VisibilityTracking" time="0.003"/>
  <testcase name="anExplicitHideBeatsEverything()" classname="dev.shvquu.betternpcs.core.npc.NpcEngineTest$VisibilityTracking" time="0.002"/>
  <testcase name="hidesTheNpcWhenThePlayerWalksAway()" classname="dev.shvquu.betternpcs.core.npc.NpcEngineTest$VisibilityTracking" time="0.003"/>
  <testcase name="lettingARuleRefuseBeatsAnExplicitShow()" classname="dev.shvquu.betternpcs.core.npc.NpcEngineTest$VisibilityTracking" time="0.003"/>
  <testcase name="respectsAVisibilityPermission()" classname="dev.shvquu.betternpcs.core.npc.NpcEngineTest$VisibilityTracking" time="0.157"/>
  <testcase name="doesNotResendAnNpcThePlayerAlreadySees()" classname="dev.shvquu.betternpcs.core.npc.NpcEngineTest$VisibilityTracking" time="0.004"/>
  <testcase name="capsHowManyNpcsOnePlayerIsSent()" classname="dev.shvquu.betternpcs.core.npc.NpcEngineTest$VisibilityTracking" time="0.005"/>
  <testcase name="hidesAnOptInNpcUntilItIsShownExplicitly()" classname="dev.shvquu.betternpcs.core.npc.NpcEngineTest$VisibilityTracking" time="0.003"/>
  <testcase name="keepsTheNearestNpcsWhenCapping()" classname="dev.shvquu.betternpcs.core.npc.NpcEngineTest$VisibilityTracking" time="0.003"/>
  <testcase name="keepsDistanceApplyingToAnExplicitlyShownNpc()" classname="dev.shvquu.betternpcs.core.npc.NpcEngineTest$VisibilityTracking" time="0.003"/>
  <testcase name="doesNotShowAnNpcInAnotherWorld()" classname="dev.shvquu.betternpcs.core.npc.NpcEngineTest$VisibilityTracking" time="0.003"/>
  <testcase name="forgetsAPlayerWhoLeaves()" classname="dev.shvquu.betternpcs.core.npc.NpcEngineTest$VisibilityTracking" time="0.004"/>
  <testcase name="doesNotShowAnNpcToADistantPlayer()" classname="dev.shvquu.betternpcs.core.npc.NpcEngineTest$VisibilityTracking" time="0.003"/>
  <system-out><![CDATA[]]></system-out>
  <system-err><![CDATA[]]></system-err>
</testsuite>
