<?xml version="1.0" encoding="UTF-8"?>
<testsuite name="SQLite file name" tests="7" skipped="0" failures="0" errors="0" timestamp="2026-09-05T13:26:32.590Z" hostname="SUPERDUPERPC" time="0.049">
  <properties/>
  <testcase name="acceptsAPlainFileName()" classname="dev.shvquu.betternpcs.core.config.StorageSettingsTest$SqliteFileName" time="0.0"/>
  <testcase name="refusesABlankName()" classname="dev.shvquu.betternpcs.core.config.StorageSettingsTest$SqliteFileName" time="0.0"/>
  <testcase name="[1] fileName = &quot;../npcs.db&quot;" classname="dev.shvquu.betternpcs.core.config.StorageSettingsTest$SqliteFileName" time="0.007"/>
  <testcase name="[2] fileName = &quot;../../etc/passwd&quot;" classname="dev.shvquu.betternpcs.core.config.StorageSettingsTest$SqliteFileName" time="0.0"/>
  <testcase name="[3] fileName = &quot;/etc/passwd&quot;" classname="dev.shvquu.betternpcs.core.config.StorageSettingsTest$SqliteFileName" time="0.001"/>
  <testcase name="[4] fileName = &quot;\\windows\\system32&quot;" classname="dev.shvquu.betternpcs.core.config.StorageSettingsTest$SqliteFileName" time="0.001"/>
  <testcase name="[5] fileName = &quot;C:/npcs.db&quot;" classname="dev.shvquu.betternpcs.core.config.StorageSettingsTest$SqliteFileName" time="0.0"/>
  <system-out><![CDATA[]]></system-out>
  <system-err><![CDATA[]]></system-err>
</testsuite>
