<?xml version="1.0" encoding="UTF-8"?>
<testsuite name="parsing" tests="13" skipped="0" failures="0" errors="0" timestamp="2026-09-05T13:26:34.075Z" hostname="SUPERDUPERPC" time="0.005">
  <properties/>
  <testcase name="parsesTheLegacyScheme()" classname="dev.shvquu.betternpcs.core.version.MinecraftVersionTest$Parsing" time="0.0"/>
  <testcase name="stripsAPreReleaseSuffix()" classname="dev.shvquu.betternpcs.core.version.MinecraftVersionTest$Parsing" time="0.0"/>
  <testcase name="parsesADropHotfix()" classname="dev.shvquu.betternpcs.core.version.MinecraftVersionTest$Parsing" time="0.0"/>
  <testcase name="[1] input = &quot;&quot;" classname="dev.shvquu.betternpcs.core.version.MinecraftVersionTest$Parsing" time="0.001"/>
  <testcase name="[2] input = &quot;   &quot;" classname="dev.shvquu.betternpcs.core.version.MinecraftVersionTest$Parsing" time="0.0"/>
  <testcase name="[3] input = &quot;abc&quot;" classname="dev.shvquu.betternpcs.core.version.MinecraftVersionTest$Parsing" time="0.0"/>
  <testcase name="[4] input = &quot;1.x.4&quot;" classname="dev.shvquu.betternpcs.core.version.MinecraftVersionTest$Parsing" time="0.001"/>
  <testcase name="[5] input = &quot;1..4&quot;" classname="dev.shvquu.betternpcs.core.version.MinecraftVersionTest$Parsing" time="0.0"/>
  <testcase name="[6] input = &quot;-1.2&quot;" classname="dev.shvquu.betternpcs.core.version.MinecraftVersionTest$Parsing" time="0.0"/>
  <testcase name="[7] input = &quot;1.2.&quot;" classname="dev.shvquu.betternpcs.core.version.MinecraftVersionTest$Parsing" time="0.0"/>
  <testcase name="[8] input = &quot;.&quot;" classname="dev.shvquu.betternpcs.core.version.MinecraftVersionTest$Parsing" time="0.0"/>
  <testcase name="rejectsNull()" classname="dev.shvquu.betternpcs.core.version.MinecraftVersionTest$Parsing" time="0.0"/>
  <testcase name="parsesTheDropScheme()" classname="dev.shvquu.betternpcs.core.version.MinecraftVersionTest$Parsing" time="0.0"/>
  <system-out><![CDATA[]]></system-out>
  <system-err><![CDATA[]]></system-err>
</testsuite>
