<?xml version="1.0" encoding="UTF-8"?>
<testsuite name="messages" tests="5" skipped="0" failures="0" errors="0" timestamp="2026-09-05T13:26:32.702Z" hostname="SUPERDUPERPC" time="0.083">
  <properties/>
  <testcase name="fallsBackToEnglishForAnUntranslatedKey()" classname="dev.shvquu.betternpcs.core.i18n.MiniMessageServiceTest$Messages" time="0.053"/>
  <testcase name="substitutesItsOwnPlaceholders()" classname="dev.shvquu.betternpcs.core.i18n.MiniMessageServiceTest$Messages" time="0.006"/>
  <testcase name="roundsDecimalsForReadability()" classname="dev.shvquu.betternpcs.core.i18n.MiniMessageServiceTest$Messages" time="0.004"/>
  <testcase name="rendersThePrefix()" classname="dev.shvquu.betternpcs.core.i18n.MiniMessageServiceTest$Messages" time="0.01"/>
  <testcase name="insertsSubstitutedValuesAsLiteralText()" classname="dev.shvquu.betternpcs.core.i18n.MiniMessageServiceTest$Messages" time="0.008"/>
  <system-out><![CDATA[]]></system-out>
  <system-err><![CDATA[Sept. 05, 2026 3:26:32 PM dev.shvquu.betternpcs.core.i18n.LanguageManager writeMissingBundledFiles
WARNUNG: The plugin jar has no packaged language file languages/en_US.yml.
Sept. 05, 2026 3:26:32 PM dev.shvquu.betternpcs.core.i18n.LanguageManager writeMissingBundledFiles
WARNUNG: The plugin jar has no packaged language file languages/de_DE.yml.
Sept. 05, 2026 3:26:32 PM dev.shvquu.betternpcs.core.i18n.LanguageManager writeMissingBundledFiles
WARNUNG: The plugin jar has no packaged language file languages/es_ES.yml.
Sept. 05, 2026 3:26:32 PM dev.shvquu.betternpcs.core.i18n.LanguageManager writeMissingBundledFiles
WARNUNG: The plugin jar has no packaged language file languages/fr_FR.yml.
Sept. 05, 2026 3:26:32 PM dev.shvquu.betternpcs.core.i18n.LanguageManager load
WARNUNG: No language file 'en_US.yml' was found in C:\Users\kilia\AppData\Local\Temp\junit-10390108017929580091; using the built-in English texts.
Sept. 05, 2026 3:26:32 PM dev.shvquu.betternpcs.core.i18n.LanguageManager writeMissingBundledFiles
WARNUNG: The plugin jar has no packaged language file languages/en_US.yml.
Sept. 05, 2026 3:26:32 PM dev.shvquu.betternpcs.core.i18n.LanguageManager writeMissingBundledFiles
WARNUNG: The plugin jar has no packaged language file languages/de_DE.yml.
Sept. 05, 2026 3:26:32 PM dev.shvquu.betternpcs.core.i18n.LanguageManager writeMissingBundledFiles
WARNUNG: The plugin jar has no packaged language file languages/es_ES.yml.
Sept. 05, 2026 3:26:32 PM dev.shvquu.betternpcs.core.i18n.LanguageManager writeMissingBundledFiles
WARNUNG: The plugin jar has no packaged language file languages/fr_FR.yml.
Sept. 05, 2026 3:26:32 PM dev.shvquu.betternpcs.core.i18n.LanguageManager load
WARNUNG: No language file 'en_US.yml' was found in C:\Users\kilia\AppData\Local\Temp\junit-9505470374820856098; using the built-in English texts.
Sept. 05, 2026 3:26:32 PM dev.shvquu.betternpcs.core.i18n.LanguageManager writeMissingBundledFiles
WARNUNG: The plugin jar has no packaged language file languages/en_US.yml.
Sept. 05, 2026 3:26:32 PM dev.shvquu.betternpcs.core.i18n.LanguageManager writeMissingBundledFiles
WARNUNG: The plugin jar has no packaged language file languages/de_DE.yml.
Sept. 05, 2026 3:26:32 PM dev.shvquu.betternpcs.core.i18n.LanguageManager writeMissingBundledFiles
WARNUNG: The plugin jar has no packaged language file languages/es_ES.yml.
Sept. 05, 2026 3:26:32 PM dev.shvquu.betternpcs.core.i18n.LanguageManager writeMissingBundledFiles
WARNUNG: The plugin jar has no packaged language file languages/fr_FR.yml.
Sept. 05, 2026 3:26:32 PM dev.shvquu.betternpcs.core.i18n.LanguageManager load
WARNUNG: No language file 'en_US.yml' was found in C:\Users\kilia\AppData\Local\Temp\junit-10924171950949798205; using the built-in English texts.
Sept. 05, 2026 3:26:32 PM dev.shvquu.betternpcs.core.i18n.LanguageManager writeMissingBundledFiles
WARNUNG: The plugin jar has no packaged language file languages/en_US.yml.
Sept. 05, 2026 3:26:32 PM dev.shvquu.betternpcs.core.i18n.LanguageManager writeMissingBundledFiles
WARNUNG: The plugin jar has no packaged language file languages/de_DE.yml.
Sept. 05, 2026 3:26:32 PM dev.shvquu.betternpcs.core.i18n.LanguageManager writeMissingBundledFiles
WARNUNG: The plugin jar has no packaged language file languages/es_ES.yml.
Sept. 05, 2026 3:26:32 PM dev.shvquu.betternpcs.core.i18n.LanguageManager writeMissingBundledFiles
WARNUNG: The plugin jar has no packaged language file languages/fr_FR.yml.
Sept. 05, 2026 3:26:32 PM dev.shvquu.betternpcs.core.i18n.LanguageManager load
WARNUNG: No language file 'en_US.yml' was found in C:\Users\kilia\AppData\Local\Temp\junit-13915161049046729141; using the built-in English texts.
Sept. 05, 2026 3:26:32 PM dev.shvquu.betternpcs.core.i18n.LanguageManager writeMissingBundledFiles
WARNUNG: The plugin jar has no packaged language file languages/en_US.yml.
Sept. 05, 2026 3:26:32 PM dev.shvquu.betternpcs.core.i18n.LanguageManager writeMissingBundledFiles
WARNUNG: The plugin jar has no packaged language file languages/de_DE.yml.
Sept. 05, 2026 3:26:32 PM dev.shvquu.betternpcs.core.i18n.LanguageManager writeMissingBundledFiles
WARNUNG: The plugin jar has no packaged language file languages/es_ES.yml.
Sept. 05, 2026 3:26:32 PM dev.shvquu.betternpcs.core.i18n.LanguageManager writeMissingBundledFiles
WARNUNG: The plugin jar has no packaged language file languages/fr_FR.yml.
Sept. 05, 2026 3:26:32 PM dev.shvquu.betternpcs.core.i18n.LanguageManager load
WARNUNG: No language file 'en_US.yml' was found in C:\Users\kilia\AppData\Local\Temp\junit-9142588726440535176; using the built-in English texts.
]]></system-err>
</testsuite>
